\BOOKMARK [0][]{makecovercn.0}{\376\377\116\055\145\207\134\001\227\142}{}% 1
\BOOKMARK [0][]{makecoveren.0}{\376\377\202\361\145\207\134\001\227\142}{}% 2
\BOOKMARK [0][]{makecoverinner.0}{\376\377\230\230\124\015\230\165}{}% 3
\BOOKMARK [0][]{makestatementbuaa.0}{\376\377\123\027\202\052\130\360\146\016}{}% 4
\BOOKMARK [0][]{abstructkeyword.0}{\376\377\116\055\202\361\144\130\211\201}{}% 5
\BOOKMARK [0][]{makecontextlist.0}{\376\377\166\356\137\125}{}% 6
\BOOKMARK [0][]{listoffigures.0}{\376\377\126\376\166\356\137\125}{}% 7
\BOOKMARK [0][]{listoftables.0}{\376\377\210\150\166\356\137\125}{}% 8
\BOOKMARK [0][]{sign.0}{\376\377\116\073\211\201\173\046\123\367\210\150}{}% 9
\BOOKMARK [0][]{abbreviation.0}{\376\377\177\051\165\145\213\355\213\364\146\016}{}% 10
\BOOKMARK [0][]{chapter.8}{\376\377\173\054\116\000\172\340\000\040\000\040\170\024\172\166\200\314\146\157}{}% 11
\BOOKMARK [1][]{section.10}{\376\377\0001\000.\0001\000\040\145\076\134\004\140\047\147\137\155\101\200\375\143\137\143\242\155\113\126\150}{chapter.8}% 12
\BOOKMARK [1][]{section.12}{\376\377\0001\000.\0002\000\040\145\260\116\000\116\343\123\112\133\374\117\123\143\242\155\113\126\150}{chapter.8}% 13
\BOOKMARK [1][]{section.13}{\376\377\0001\000.\0003\000\040\154\024\154\031\143\242\155\113\126\150}{chapter.8}% 14
\BOOKMARK [1][]{section.14}{\376\377\0001\000.\0004\000\040\147\054\145\207\135\345\117\134}{chapter.8}% 15
\BOOKMARK [0][]{chapter.15}{\376\377\173\054\116\214\172\340\000\040\000\040\143\242\155\113\126\150\166\204\213\276\213\241\123\312\152\041\142\337}{}% 16
\BOOKMARK [1][]{section.16}{\376\377\0002\000.\0001\000\040\154\024\154\031\166\204\123\321\121\111\123\237\164\006}{chapter.15}% 17
\BOOKMARK [1][]{section.18}{\376\377\0002\000.\0002\000\040\143\242\155\113\126\150\166\204\121\111\133\146\204\231\162\171\123\141\155\033\152\041\142\337}{chapter.15}% 18
\BOOKMARK [2][]{subsection.19}{\376\377\0002\000.\0002\000.\0001\000\040\152\041\127\213\147\204\136\372}{section.18}% 19
\BOOKMARK [1][]{section.20}{\376\377\0002\000.\0003\000\040\143\242\155\113\126\150\116\073\117\123\213\276\213\241}{chapter.15}% 20
\BOOKMARK [0][]{chapter.21}{\376\377\173\054\116\011\172\340\000\040\000\040\143\242\155\113\126\150\144\055\136\372\124\214\214\003\213\325}{}% 21
\BOOKMARK [1][]{section.22}{\376\377\0003\000.\0001\000\040\154\024\215\357\174\373\176\337}{chapter.21}% 22
\BOOKMARK [1][]{section.23}{\376\377\0003\000.\0002\000\040\143\242\155\113\126\150\201\124\117\123}{chapter.21}% 23
\BOOKMARK [1][]{section.24}{\376\377\0003\000.\0003\000\040\000P\000M\000T\220\011\127\213\214\003\213\325}{chapter.21}% 24
\BOOKMARK [0][]{chapter.26}{\376\377\173\054\126\333\172\340\000\040\000\040\154\024\154\031\143\242\155\113\126\150\155\113\213\325}{}% 25
\BOOKMARK [0][]{chapter*.27}{\376\377\176\323\000\040\000\040\000\040\000\040\213\272}{}% 26
\BOOKMARK [0][]{section*.28}{\376\377\123\302\200\003\145\207\163\056}{}% 27
\BOOKMARK [0][]{chapter.30}{\376\377\226\104\137\125\000A\000\040\000\040\226\104\137\125\213\364\146\016}{}% 28
\BOOKMARK [0][]{chapter*.31}{\376\377\145\073\213\373\170\125\130\353\133\146\117\115\147\037\225\364\123\326\137\227\166\204\170\024\172\166\142\020\147\234}{}% 29
\BOOKMARK [0][]{chapter*.35}{\376\377\201\364\000\040\000\040\000\040\000\040\214\042}{}% 30
